# JRE version: OpenJDK Runtime Environment Corretto-19.0.2.7.1 (19.0.2+7) (build 19.0.2+7-FR)
# Java VM: OpenJDK 64-Bit Server VM Corretto-19.0.2.7.1 (19.0.2+7-FR, mixed mode, sharing, tiered, compressed oops, compressed class ptrs, g1 gc, windows-amd64)
GC Precious Log:
 CardTable entry size: 512
 Card Set container configuration: InlinePtr #cards 4 size 8 Array Of Cards #cards 32 size 80 Howl #buckets 8 coarsen threshold 7372 Howl Bitmap #cards 1024 size 144 coarsen threshold 921 Card regions per heap region 1 cards per card region 8192
 CPUs: 12 total, 12 available
 Memory: 23912M
 Large Page Support: Disabled
 NUMA Support: Disabled
 Compressed Oops: Enabled (Zero based)
 Heap Region Size: 4M
 Heap Min Capacity: 8M
 Heap Initial Capacity: 376M
 Heap Max Capacity: 5980M
 Pre-touch: Disabled
 Parallel Workers: 10
 Concurrent Workers: 3
 Concurrent Refinement Workers: 10
 Periodic GC: Disabled
Heap:
 garbage-first heap   total 98304K, used 54489K [0x000000068a400000, 0x0000000800000000)
  region size 4096K, 11 young (45056K), 2 survivors (8192K)
 Metaspace       used 25630K, committed 25984K, reserved 1114112K
  class space    used 3154K, committed 3328K, reserved 1048576K
GC Heap History (8 events):
Event: 0.433 GC heap before
{Heap before GC invocations=0 (full 0):
 garbage-first heap   total 385024K, used 16384K [0x000000068a400000, 0x0000000800000000)
  region size 4096K, 5 young (20480K), 0 survivors (0K)
 Metaspace       used 2878K, committed 3072K, reserved 1114112K
  class space    used 281K, committed 384K, reserved 1048576K
}
Event: 0.437 GC heap after
{Heap after GC invocations=1 (full 0):
 garbage-first heap   total 385024K, used 8759K [0x000000068a400000, 0x0000000800000000)
  region size 4096K, 1 young (4096K), 1 survivors (4096K)
 Metaspace       used 2878K, committed 3072K, reserved 1114112K
  class space    used 281K, committed 384K, reserved 1048576K
}
Event: 0.524 GC heap before
{Heap before GC invocations=1 (full 0):
 garbage-first heap   total 385024K, used 21047K [0x000000068a400000, 0x0000000800000000)
  region size 4096K, 4 young (16384K), 1 survivors (4096K)
 Metaspace       used 4155K, committed 4352K, reserved 1114112K
  class space    used 401K, committed 512K, reserved 1048576K
}
Event: 0.528 GC heap after
{Heap after GC invocations=2 (full 0):
 garbage-first heap   total 385024K, used 16928K [0x000000068a400000, 0x0000000800000000)
  region size 4096K, 1 young (4096K), 1 survivors (4096K)
 Metaspace       used 4155K, committed 4352K, reserved 1114112K
  class space    used 401K, committed 512K, reserved 1048576K
}
Event: 1.445 GC heap before
{Heap before GC invocations=2 (full 0):
 garbage-first heap   total 385024K, used 41504K [0x000000068a400000, 0x0000000800000000)
  region size 4096K, 8 young (32768K), 1 survivors (4096K)
 Metaspace       used 12523K, committed 12864K, reserved 1114112K
  class space    used 1509K, committed 1664K, reserved 1048576K
}
Event: 1.449 GC heap after
{Heap after GC invocations=3 (full 0):
 garbage-first heap   total 385024K, used 18787K [0x000000068a400000, 0x0000000800000000)
  region size 4096K, 1 young (4096K), 1 survivors (4096K)
 Metaspace       used 12523K, committed 12864K, reserved 1114112K
  class space    used 1509K, committed 1664K, reserved 1048576K
}
Event: 1.949 GC heap before
{Heap before GC invocations=3 (full 0):
 garbage-first heap   total 385024K, used 55651K [0x000000068a400000, 0x0000000800000000)
  region size 4096K, 11 young (45056K), 1 survivors (4096K)
 Metaspace       used 21178K, committed 21504K, reserved 1114112K
  class space    used 2566K, committed 2752K, reserved 1048576K
}
Event: 1.954 GC heap after
{Heap after GC invocations=4 (full 0):
 garbage-first heap   total 385024K, used 21721K [0x000000068a400000, 0x0000000800000000)
  region size 4096K, 2 young (8192K), 2 survivors (8192K)
 Metaspace       used 21178K, committed 21504K, reserved 1114112K
  class space    used 2566K, committed 2752K, reserved 1048576K
}

