# JRE version: OpenJDK Runtime Environment Corretto-19.0.2.7.1 (19.0.2+7) (build 19.0.2+7-FR)
# Java VM: OpenJDK 64-Bit Server VM Corretto-19.0.2.7.1 (19.0.2+7-FR, mixed mode, sharing, tiered, compressed oops, compressed class ptrs, g1 gc, windows-amd64)
GC Precious Log:
 CardTable entry size: 512
 Card Set container configuration: InlinePtr #cards 4 size 8 Array Of Cards #cards 32 size 80 Howl #buckets 8 coarsen threshold 7372 Howl Bitmap #cards 1024 size 144 coarsen threshold 921 Card regions per heap region 1 cards per card region 8192
 CPUs: 12 total, 12 available
 Memory: 23912M
 Large Page Support: Disabled
 NUMA Support: Disabled
 Compressed Oops: Enabled (Zero based)
 Heap Region Size: 4M
 Heap Min Capacity: 8M
 Heap Initial Capacity: 376M
 Heap Max Capacity: 5980M
 Pre-touch: Disabled
 Parallel Workers: 10
 Concurrent Workers: 3
 Concurrent Refinement Workers: 10
 Periodic GC: Disabled
Heap:
 garbage-first heap   total 151552K, used 44050K [0x000000068a400000, 0x0000000800000000)
  region size 4096K, 2 young (8192K), 1 survivors (4096K)
 Metaspace       used 73902K, committed 74624K, reserved 1179648K
  class space    used 8894K, committed 9216K, reserved 1048576K
GC Heap History (20 events):
Event: 4.652 GC heap before
{Heap before GC invocations=7 (full 0):
 garbage-first heap   total 98304K, used 59016K [0x000000068a400000, 0x0000000800000000)
  region size 4096K, 10 young (40960K), 1 survivors (4096K)
 Metaspace       used 33461K, committed 33920K, reserved 1114112K
  class space    used 4078K, committed 4288K, reserved 1048576K
}
Event: 4.657 GC heap after
{Heap after GC invocations=8 (full 0):
 garbage-first heap   total 98304K, used 23759K [0x000000068a400000, 0x0000000800000000)
  region size 4096K, 1 young (4096K), 1 survivors (4096K)
 Metaspace       used 33461K, committed 33920K, reserved 1114112K
  class space    used 4078K, committed 4288K, reserved 1048576K
}
Event: 5.126 GC heap before
{Heap before GC invocations=8 (full 0):
 garbage-first heap   total 98304K, used 56527K [0x000000068a400000, 0x0000000800000000)
  region size 4096K, 10 young (40960K), 1 survivors (4096K)
 Metaspace       used 35605K, committed 36096K, reserved 1114112K
  class space    used 4364K, committed 4608K, reserved 1048576K
}
Event: 5.133 GC heap after
{Heap after GC invocations=9 (full 0):
 garbage-first heap   total 98304K, used 25531K [0x000000068a400000, 0x0000000800000000)
  region size 4096K, 2 young (8192K), 2 survivors (8192K)
 Metaspace       used 35605K, committed 36096K, reserved 1114112K
  class space    used 4364K, committed 4608K, reserved 1048576K
}
Event: 5.686 GC heap before
{Heap before GC invocations=10 (full 0):
 garbage-first heap   total 98304K, used 62395K [0x000000068a400000, 0x0000000800000000)
  region size 4096K, 11 young (45056K), 2 survivors (8192K)
 Metaspace       used 38880K, committed 39424K, reserved 1114112K
  class space    used 4757K, committed 4992K, reserved 1048576K
}
Event: 5.691 GC heap after
{Heap after GC invocations=11 (full 0):
 garbage-first heap   total 98304K, used 27867K [0x000000068a400000, 0x0000000800000000)
  region size 4096K, 2 young (8192K), 2 survivors (8192K)
 Metaspace       used 38880K, committed 39424K, reserved 1114112K
  class space    used 4757K, committed 4992K, reserved 1048576K
}
Event: 5.714 GC heap before
{Heap before GC invocations=11 (full 0):
 garbage-first heap   total 98304K, used 31963K [0x000000068a400000, 0x0000000800000000)
  region size 4096K, 3 young (12288K), 2 survivors (8192K)
 Metaspace       used 38894K, committed 39424K, reserved 1114112K
  class space    used 4760K, committed 4992K, reserved 1048576K
}
Event: 5.718 GC heap after
{Heap after GC invocations=12 (full 0):
 garbage-first heap   total 98304K, used 27364K [0x000000068a400000, 0x0000000800000000)
  region size 4096K, 1 young (4096K), 1 survivors (4096K)
 Metaspace       used 38894K, committed 39424K, reserved 1114112K
  class space    used 4760K, committed 4992K, reserved 1048576K
}
Event: 6.201 GC heap before
{Heap before GC invocations=12 (full 0):
 garbage-first heap   total 98304K, used 64228K [0x000000068a400000, 0x0000000800000000)
  region size 4096K, 10 young (40960K), 1 survivors (4096K)
 Metaspace       used 40613K, committed 41088K, reserved 1114112K
  class space    used 5017K, committed 5248K, reserved 1048576K
}
Event: 6.204 GC heap after
{Heap after GC invocations=13 (full 0):
 garbage-first heap   total 176128K, used 28795K [0x000000068a400000, 0x0000000800000000)
  region size 4096K, 1 young (4096K), 1 survivors (4096K)
 Metaspace       used 40613K, committed 41088K, reserved 1114112K
  class space    used 5017K, committed 5248K, reserved 1048576K
}
Event: 7.056 GC heap before
{Heap before GC invocations=13 (full 0):
 garbage-first heap   total 176128K, used 127099K [0x000000068a400000, 0x0000000800000000)
  region size 4096K, 25 young (102400K), 1 survivors (4096K)
 Metaspace       used 43864K, committed 44480K, reserved 1114112K
  class space    used 5482K, committed 5760K, reserved 1048576K
}
Event: 7.062 GC heap after
{Heap after GC invocations=14 (full 0):
 garbage-first heap   total 176128K, used 33468K [0x000000068a400000, 0x0000000800000000)
  region size 4096K, 2 young (8192K), 2 survivors (8192K)
 Metaspace       used 43864K, committed 44480K, reserved 1114112K
  class space    used 5482K, committed 5760K, reserved 1048576K
}
Event: 7.909 GC heap before
{Heap before GC invocations=14 (full 0):
 garbage-first heap   total 176128K, used 127676K [0x000000068a400000, 0x0000000800000000)
  region size 4096K, 25 young (102400K), 2 survivors (8192K)
 Metaspace       used 50046K, committed 50688K, reserved 1114112K
  class space    used 6340K, committed 6656K, reserved 1048576K
}
Event: 7.916 GC heap after
{Heap after GC invocations=15 (full 0):
 garbage-first heap   total 176128K, used 38469K [0x000000068a400000, 0x0000000800000000)
  region size 4096K, 3 young (12288K), 3 survivors (12288K)
 Metaspace       used 50046K, committed 50688K, reserved 1114112K
  class space    used 6340K, committed 6656K, reserved 1048576K
}
Event: 9.171 GC heap before
{Heap before GC invocations=15 (full 0):
 garbage-first heap   total 176128K, used 120389K [0x000000068a400000, 0x0000000800000000)
  region size 4096K, 24 young (98304K), 3 survivors (12288K)
 Metaspace       used 59780K, committed 60480K, reserved 1114112K
  class space    used 7319K, committed 7680K, reserved 1048576K
}
Event: 9.179 GC heap after
{Heap after GC invocations=16 (full 0):
 garbage-first heap   total 176128K, used 38931K [0x000000068a400000, 0x0000000800000000)
  region size 4096K, 2 young (8192K), 2 survivors (8192K)
 Metaspace       used 59780K, committed 60480K, reserved 1114112K
  class space    used 7319K, committed 7680K, reserved 1048576K
}
Event: 498.087 GC heap before
{Heap before GC invocations=17 (full 0):
 garbage-first heap   total 151552K, used 116755K [0x000000068a400000, 0x0000000800000000)
  region size 4096K, 22 young (90112K), 2 survivors (8192K)
 Metaspace       used 73867K, committed 74560K, reserved 1179648K
  class space    used 8890K, committed 9216K, reserved 1048576K
}
Event: 498.094 GC heap after
{Heap after GC invocations=18 (full 0):
 garbage-first heap   total 151552K, used 43876K [0x000000068a400000, 0x0000000800000000)
  region size 4096K, 3 young (12288K), 3 survivors (12288K)
 Metaspace       used 73867K, committed 74560K, reserved 1179648K
  class space    used 8890K, committed 9216K, reserved 1048576K
}
Event: 547.654 GC heap before
{Heap before GC invocations=18 (full 0):
 garbage-first heap   total 151552K, used 47972K [0x000000068a400000, 0x0000000800000000)
  region size 4096K, 4 young (16384K), 3 survivors (12288K)
 Metaspace       used 73880K, committed 74560K, reserved 1179648K
  class space    used 8890K, committed 9216K, reserved 1048576K
}
Event: 547.660 GC heap after
{Heap after GC invocations=19 (full 0):
 garbage-first heap   total 151552K, used 44050K [0x000000068a400000, 0x0000000800000000)
  region size 4096K, 1 young (4096K), 1 survivors (4096K)
 Metaspace       used 73880K, committed 74560K, reserved 1179648K
  class space    used 8890K, committed 9216K, reserved 1048576K
}

